<?xml version="1.0" encoding="UTF-8"?>
<!-- Generated by org.testng.reporters.JUnitXMLReporter -->
<testsuite ignored="0" hostname="DESKTOP-G662KOH" failures="0" tests="8" name="Default test" time="87.528" errors="0" timestamp="2023-08-21T10:50:43 BDT">
  <testcase classname="allureReports.Tests" name="logoPresence" time="2.589"/>
  <testcase classname="allureReports.Tests" name="loginTest" time="8.65"/>
  <testcase classname="allureReports.Tests" name="addnewShop" time="21.029"/>
  <testcase classname="allureReports.Tests" name="ShopInfo" time="4.942"/>
  <testcase classname="allureReports.Tests" name="TransactionList" time="9.623"/>
  <testcase classname="allureReports.Tests" name="SellTab" time="11.614"/>
  <testcase classname="allureReports.Tests" name="CheckTallyBtn" time="6.193"/>
  <testcase classname="allureReports.Tests" name="CheckPurchaseTab" time="6.401"/>
</testsuite> <!-- Default test -->
