<?xml version="1.0" encoding="UTF-8"?>
<!-- Generated by org.testng.reporters.JUnitXMLReporter -->
<testsuite ignored="0" hostname="DESKTOP-G662KOH" failures="0" tests="8" name="Test" time="88.658" errors="0" timestamp="2023-08-21T10:53:37 BDT">
  <testcase classname="allureReports.Tests" name="logoPresence" time="2.785"/>
  <testcase classname="allureReports.Tests" name="loginTest" time="8.449"/>
  <testcase classname="allureReports.Tests" name="addnewShop" time="22.687"/>
  <testcase classname="allureReports.Tests" name="ShopInfo" time="4.89"/>
  <testcase classname="allureReports.Tests" name="TransactionList" time="9.694"/>
  <testcase classname="allureReports.Tests" name="SellTab" time="11.876"/>
  <testcase classname="allureReports.Tests" name="CheckTallyBtn" time="6.208"/>
  <testcase classname="allureReports.Tests" name="CheckPurchaseTab" time="6.43"/>
</testsuite> <!-- Test -->
