<?xml version="1.0" encoding="UTF-8"?>
<testng-results ignored="0" total="8" passed="8" failed="0" skipped="0">
  <reporter-output>
  </reporter-output>
  <suite started-at="2023-08-21T10:52:08 BDT" name="Suite" finished-at="2023-08-21T10:53:37 BDT" duration-ms="88658">
    <groups>
    </groups>
    <test started-at="2023-08-21T10:52:08 BDT" name="Test" finished-at="2023-08-21T10:53:37 BDT" duration-ms="88658">
      <class name="allureReports.Tests">
        <test-method is-config="true" signature="setup()[pri:0, instance:allureReports.Tests@748741cb]" started-at="2023-08-21T10:52:08 BDT" name="setup" finished-at="2023-08-21T10:52:14 BDT" duration-ms="5205" status="PASS">
          <reporter-output>
          </reporter-output>
        </test-method> <!-- setup -->
        <test-method signature="logoPresence()[pri:1, instance:allureReports.Tests@748741cb]" started-at="2023-08-21T10:52:14 BDT" name="logoPresence" description="Verify Logo prsence on Page" finished-at="2023-08-21T10:52:16 BDT" duration-ms="2785" status="PASS">
          <reporter-output>
          </reporter-output>
        </test-method> <!-- logoPresence -->
        <test-method signature="loginTest()[pri:2, instance:allureReports.Tests@748741cb]" started-at="2023-08-21T10:52:17 BDT" name="loginTest" description="Verify user login........" finished-at="2023-08-21T10:52:25 BDT" duration-ms="8449" status="PASS">
          <reporter-output>
          </reporter-output>
        </test-method> <!-- loginTest -->
        <test-method signature="addnewShop()[pri:3, instance:allureReports.Tests@748741cb]" started-at="2023-08-21T10:52:25 BDT" name="addnewShop" description="Verify user can add New Shop ........" finished-at="2023-08-21T10:52:48 BDT" duration-ms="22687" status="PASS">
          <reporter-output>
          </reporter-output>
        </test-method> <!-- addnewShop -->
        <test-method signature="ShopInfo()[pri:4, instance:allureReports.Tests@748741cb]" started-at="2023-08-21T10:52:48 BDT" name="ShopInfo" description="Verify shop information appear correctly........" finished-at="2023-08-21T10:52:53 BDT" duration-ms="4890" status="PASS">
          <reporter-output>
          </reporter-output>
        </test-method> <!-- ShopInfo -->
        <test-method signature="TransactionList()[pri:5, instance:allureReports.Tests@748741cb]" started-at="2023-08-21T10:52:53 BDT" name="TransactionList" description="Verify Transaction List appear correctly........" finished-at="2023-08-21T10:53:02 BDT" duration-ms="9694" status="PASS">
          <reporter-output>
          </reporter-output>
        </test-method> <!-- TransactionList -->
        <test-method signature="SellTab()[pri:6, instance:allureReports.Tests@748741cb]" started-at="2023-08-21T10:53:02 BDT" name="SellTab" description="Verify Sell Tab working correctly........" finished-at="2023-08-21T10:53:14 BDT" duration-ms="11876" status="PASS">
          <reporter-output>
          </reporter-output>
        </test-method> <!-- SellTab -->
        <test-method signature="CheckTallyBtn()[pri:7, instance:allureReports.Tests@748741cb]" started-at="2023-08-21T10:53:14 BDT" name="CheckTallyBtn" description="Check Tally Button working correctly........" finished-at="2023-08-21T10:53:20 BDT" duration-ms="6208" status="PASS">
          <reporter-output>
          </reporter-output>
        </test-method> <!-- CheckTallyBtn -->
        <test-method signature="CheckPurchaseTab()[pri:8, instance:allureReports.Tests@748741cb]" started-at="2023-08-21T10:53:20 BDT" name="CheckPurchaseTab" description="Check Purchase Tab working correctly........" finished-at="2023-08-21T10:53:27 BDT" duration-ms="6430" status="PASS">
          <reporter-output>
          </reporter-output>
        </test-method> <!-- CheckPurchaseTab -->
        <test-method is-config="true" signature="tearDown()[pri:0, instance:allureReports.Tests@748741cb]" started-at="2023-08-21T10:53:27 BDT" name="tearDown" finished-at="2023-08-21T10:53:37 BDT" duration-ms="10254" status="PASS">
          <reporter-output>
          </reporter-output>
        </test-method> <!-- tearDown -->
      </class> <!-- allureReports.Tests -->
    </test> <!-- Test -->
  </suite> <!-- Suite -->
</testng-results>
